This is pdfTeX, Version 3.14159265-2.6-1.40.21 (MiKTeX 2.9.7440 64-bit) (preloaded format=pdflatex 2020.5.24)  25 MAY 2020 15:12
entering extended mode
**"./E-Gov e Aplicativo Auxílio Emergencial Caixa.tex"
("E-Gov e Aplicativo Auxílio Emergencial Caixa.tex"
LaTeX2e <2020-02-02> patch level 5
L3 programming layer <2020-05-15>
("C:\Users\Hydrogeddon\AppData\Local\Programs\MiKTeX 2.9\tex/latex/base\article
.cls"
Document Class: article 2019/12/20 v1.4l Standard LaTeX document class

("C:\Users\Hydrogeddon\AppData\Local\Programs\MiKTeX 2.9\tex/latex/base\size10.
clo"
File: size10.clo 2019/12/20 v1.4l Standard LaTeX file (size option)
)
\c@part=\count167
\c@section=\count168
\c@subsection=\count169
\c@subsubsection=\count170
\c@paragraph=\count171
\c@subparagraph=\count172
\c@figure=\count173
\c@table=\count174
\abovecaptionskip=\skip47
\belowcaptionskip=\skip48
\bibindent=\dimen134
)
("C:\Users\Hydrogeddon\AppData\Local\Programs\MiKTeX 2.9\tex/latex/base\inputen
c.sty"
Package: inputenc 2018/08/11 v1.3c Input encoding file
\inpenc@prehook=\toks15
\inpenc@posthook=\toks16
)
("C:\Users\Hydrogeddon\AppData\Local\Programs\MiKTeX 2.9\tex/generic/babel\babe
l.sty"
Package: babel 2020/05/13 3.44 The Babel package

("C:\Users\Hydrogeddon\AppData\Local\Programs\MiKTeX 2.9\tex/generic/babel\babe
l.def"
File: babel.def 2020/05/13 3.44 Babel common definitions
\babel@savecnt=\count175
\U@D=\dimen135
\l@babelnohyphens=\language78

("C:\Users\Hydrogeddon\AppData\Local\Programs\MiKTeX 2.9\tex/generic/babel\txtb
abel.def")
\bbl@readstream=\read2
)
\bbl@dirlevel=\count176

*************************************
* Local config file bblopts.cfg used
*

("C:\Users\Hydrogeddon\AppData\Local\Programs\MiKTeX 2.9\tex/latex/arabi\bblopt
s.cfg"
File: bblopts.cfg 2005/09/08 v0.1 add Arabic and Farsi to "declared" options of
 babel
)
("C:\Users\Hydrogeddon\AppData\Local\Programs\MiKTeX 2.9\tex/latex/babel-portug
es\brazil.ldf"
Language: portuges 2020/05/04 v1.2r Portuguese support from the babel system
Package babel Info: \l@brazil = using hyphenrules for portuguese
(babel)             (\language55) on input line 111.
Package babel Info: Making " an active character on input line 143.
))
("C:\Users\Hydrogeddon\AppData\Local\Programs\MiKTeX 2.9\tex/latex/graphics\col
or.sty"
Package: color 2019/11/23 v1.2a Standard LaTeX Color (DPC)

("C:\Users\Hydrogeddon\AppData\Local\Programs\MiKTeX 2.9\tex/latex/graphics-cfg
\color.cfg"
File: color.cfg 2016/01/02 v1.6 sample color configuration
)
Package color Info: Driver file: pdftex.def on input line 147.

("C:\Users\Hydrogeddon\AppData\Local\Programs\MiKTeX 2.9\tex/latex/graphics-def
\pdftex.def"
File: pdftex.def 2018/01/08 v1.0l Graphics/color driver for pdftex
))
("C:\Users\Hydrogeddon\AppData\Local\Programs\MiKTeX 2.9\tex/latex/l3backend\l3
backend-pdfmode.def"
File: l3backend-pdfmode.def 2020-05-05 L3 backend support: PDF mode
\l__kernel_color_stack_int=\count177
\l__pdf_internal_box=\box45
) ("E-Gov e Aplicativo Auxílio Emergencial Caixa.aux")
\openout1 = `"E-Gov e Aplicativo Auxílio Emergencial Caixa.aux"'.

LaTeX Font Info:    Checking defaults for OML/cmm/m/it on input line 6.
LaTeX Font Info:    ... okay on input line 6.
LaTeX Font Info:    Checking defaults for OMS/cmsy/m/n on input line 6.
LaTeX Font Info:    ... okay on input line 6.
LaTeX Font Info:    Checking defaults for OT1/cmr/m/n on input line 6.
LaTeX Font Info:    ... okay on input line 6.
LaTeX Font Info:    Checking defaults for T1/cmr/m/n on input line 6.
LaTeX Font Info:    ... okay on input line 6.
LaTeX Font Info:    Checking defaults for TS1/cmr/m/n on input line 6.
LaTeX Font Info:    ... okay on input line 6.
LaTeX Font Info:    Checking defaults for OMX/cmex/m/n on input line 6.
LaTeX Font Info:    ... okay on input line 6.
LaTeX Font Info:    Checking defaults for U/cmr/m/n on input line 6.
LaTeX Font Info:    ... okay on input line 6.

("C:\Users\Hydrogeddon\AppData\Local\Programs\MiKTeX 2.9\tex/context/base/mkii\
supp-pdf.mkii"
[Loading MPS to PDF converter (version 2006.09.02).]
\scratchcounter=\count178
\scratchdimen=\dimen136
\scratchbox=\box46
\nofMPsegments=\count179
\nofMParguments=\count180
\everyMPshowfont=\toks17
\MPscratchCnt=\count181
\MPscratchDim=\dimen137
\MPnumerator=\count182
\makeMPintoPDFobject=\count183
\everyMPtoPDFconversion=\toks18
)
LaTeX Font Info:    External font `cmex10' loaded for size
(Font)              <12> on input line 10.
LaTeX Font Info:    External font `cmex10' loaded for size
(Font)              <8> on input line 10.
LaTeX Font Info:    External font `cmex10' loaded for size
(Font)              <6> on input line 10.
 ("E-Gov e Aplicativo Auxílio Emergencial Caixa.toc"
LaTeX Font Info:    External font `cmex10' loaded for size
(Font)              <7> on input line 3.
LaTeX Font Info:    External font `cmex10' loaded for size
(Font)              <5> on input line 3.
)
\tf@toc=\write3
\openout3 = `"E-Gov e Aplicativo Auxílio Emergencial Caixa.toc"'.

 [1

{C:/Users/Hydrogeddon/AppData/Local/MiKTeX/2.9/pdftex/config/pdftex.map}] [2]
("E-Gov e Aplicativo Auxílio Emergencial Caixa.aux") ) 
Here is how much of TeX's memory you used:
 1671 strings out of 480799
 25827 string characters out of 2892982
 272520 words of memory out of 3000000
 17707 multiletter control sequences out of 15000+200000
 537298 words of font info for 40 fonts, out of 3000000 for 9000
 1141 hyphenation exceptions out of 8191
 25i,6n,23p,195b,187s stack positions out of 5000i,500n,10000p,200000b,50000s
<C:/Users/Hydrogeddon/Ap
pData/Local/Programs/MiKTeX 2.9/fonts/type1/public/amsfonts/cm/cmbx10.pfb><C:/U
sers/Hydrogeddon/AppData/Local/Programs/MiKTeX 2.9/fonts/type1/public/amsfonts/
cm/cmbx12.pfb><C:/Users/Hydrogeddon/AppData/Local/Programs/MiKTeX 2.9/fonts/typ
e1/public/amsfonts/cm/cmbxti10.pfb><C:/Users/Hydrogeddon/AppData/Local/Programs
/MiKTeX 2.9/fonts/type1/public/amsfonts/cm/cmr10.pfb><C:/Users/Hydrogeddon/AppD
ata/Local/Programs/MiKTeX 2.9/fonts/type1/public/amsfonts/cm/cmr12.pfb><C:/User
s/Hydrogeddon/AppData/Local/Programs/MiKTeX 2.9/fonts/type1/public/amsfonts/cm/
cmr17.pfb>
Output written on "E-Gov e Aplicativo Auxílio Emergencial Caixa.pdf" (2 pages,
 70392 bytes).
PDF statistics:
 33 PDF objects out of 1000 (max. 8388607)
 0 named destinations out of 1000 (max. 500000)
 1 words of extra memory for PDF output out of 10000 (max. 10000000)

